\BOOKMARK [0][-]{chapter*.3}{\376\377\000W\000y\000k\000a\000z\000\040\000w\000a\001\174\000n\000i\000e\000j\000s\000z\000y\000c\000h\000\040\000o\000z\000n\000a\000c\000z\000e\001\104\000\040\000i\000\040\000s\000k\000r\000\363\000t\000\363\000w}{}% 1
\BOOKMARK [0][-]{chapter.1}{\376\377\000W\000s\000t\001\031\000p\000\040\000i\000\040\000c\000e\000l\000\040\000p\000r\000a\000c\000y}{}% 2
\BOOKMARK [0][-]{chapter.2}{\376\377\000W\000p\000r\000o\000w\000a\000d\000z\000e\000n\000i\000e\000\040\000t\000e\000o\000r\000e\000t\000y\000c\000z\000n\000e}{}% 3
\BOOKMARK [1][-]{section.2.1}{\376\377\000D\001\172\000w\000i\001\031\000k}{chapter.2}% 4
\BOOKMARK [1][-]{section.2.2}{\376\377\000M\000o\000n\000o\000f\000o\000n\000i\000a\000\040\000i\000\040\000p\000o\000l\000i\000f\000o\000n\000i\000a}{chapter.2}% 5
\BOOKMARK [1][-]{section.2.3}{\376\377\000P\000r\000z\000e\000g\000l\001\005\000d\000\040\000m\000e\000t\000o\000d\000\040\000s\000y\000n\000t\000e\000z\000y\000\040\000d\001\172\000w\000i\001\031\000k\000u}{chapter.2}% 6
\BOOKMARK [1][-]{section.2.4}{\376\377\000K\000l\000a\000s\000y\000c\000z\000n\000e\000\040\000m\000o\000d\000u\001\102\000y\000\040\000s\000y\000n\000t\000e\000z\000a\000t\000o\000r\000\363\000w\000\040\000d\001\172\000w\000i\001\031\000k\000u}{chapter.2}% 7
\BOOKMARK [1][-]{section.2.5}{\376\377\000A\000n\000a\000l\000o\000g\000o\000w\000a\000\040\000i\000\040\000c\000y\000f\000r\000o\000w\000a\000\040\000s\000y\000n\000t\000e\000z\000a\000\040\000d\001\172\000w\000i\001\031\000k\000u}{chapter.2}% 8
\BOOKMARK [1][-]{section.2.6}{\376\377\000P\000r\000o\000t\000o\000k\000\363\001\102\000\040\000M\000I\000D\000I}{chapter.2}% 9
\BOOKMARK [1][-]{section.2.7}{\376\377\000D\000y\000s\000k\000r\000e\000t\000n\000a\000\040\000t\000r\000a\000n\000s\000f\000o\000r\000m\000a\000c\000j\000a\000\040\000F\000o\000u\000r\000i\000e\000r\000a}{chapter.2}% 10
\BOOKMARK [0][-]{chapter.3}{\376\377\000I\000m\000p\000l\000e\000m\000e\000n\000t\000a\000c\000j\000a\000\040\000s\000y\000n\000t\000e\000z\000a\000t\000o\000r\000a\000\040\000m\000u\000z\000y\000c\000z\000n\000e\000g\000o}{}% 11
\BOOKMARK [1][-]{section.3.1}{\376\377\000W\000a\000h\000a\000d\001\102\000o\000\040\000f\000i\000r\000m\000y\000\040\000B\000y\000t\000r\000o\000n\000i\000c}{chapter.3}% 12
\BOOKMARK [0][-]{chapter.4}{\376\377\000B\000a\000d\000a\000n\000i\000e\000\040\000w\001\102\000a\001\133\000c\000i\000w\000o\001\133\000c\000i\000\040\000u\000k\001\102\000a\000d\000u}{}% 13
\BOOKMARK [1][-]{section.4.1}{\376\377\000P\000r\000z\000e\000w\000i\000d\000y\000w\000a\000n\000a\000\040\000t\000r\000a\000n\000s\000m\000i\000t\000a\000n\000c\000j\000a}{chapter.4}% 14
\BOOKMARK [0][-]{chapter.5}{\376\377\000R\000e\000g\000u\000l\000a\000c\000j\000a\000\040\000w\000\040\000p\000r\000z\000e\000s\000t\000r\000z\000e\000n\000i\000\040\000s\000t\000a\000n\000u\000\040}{}% 15
\BOOKMARK [1][-]{section.5.1}{\376\377\000S\000t\000e\000r\000o\000w\000a\000l\000n\000o\001\133\001\007\000\040}{chapter.5}% 16
\BOOKMARK [0][-]{chapter.6}{\376\377\000B\000a\000d\000a\000n\000i\000e\000\040\000u\000k\001\102\000a\000d\000u\000\040\000s\000t\000e\000r\000o\000w\000a\000n\000i\000a}{}% 17
\BOOKMARK [0][-]{chapter.7}{\376\377\000S\000u\000b\000t\000r\000a\000k\000t\000y\000w\000n\000a\000\040\000m\000e\000t\000o\000d\000a\000\040\000s\000y\000n\000t\000e\000z\000y\000\040\000d\001\172\000w\000i\001\031\000k\000u}{}% 18
\BOOKMARK [1][-]{section.7.1}{\376\377\000Z\000a\000s\000a\000d\000a\000\040\000d\000z\000i\000a\001\102\000a\000n\000i\000a\000\040\000s\000y\000n\000t\000e\000z\000y\000\040\000s\000u\000b\000t\000r\000a\000k\000t\000y\000w\000n\000e\000j}{chapter.7}% 19
\BOOKMARK [1][-]{section.7.2}{\376\377\000I\000m\000p\000l\000e\000m\000e\000n\000t\000a\000c\000j\000a\000\040\000s\000y\000n\000t\000e\000z\000y\000\040\000s\000u\000b\000t\000r\000a\000k\000t\000y\000w\000n\000e\000j}{chapter.7}% 20
\BOOKMARK [2][-]{subsection.7.2.1}{\376\377\000G\000e\000n\000e\000r\000o\000w\000a\000n\000i\000e\000\040\000p\000r\000z\000e\000b\000i\000e\000g\000u}{section.7.2}% 21
\BOOKMARK [2][-]{subsection.7.2.2}{\376\377\000D\000F\000T\000\040\000i\000\040\000f\000i\000l\000t\000r\000a\000c\000j\000a\000\040\000s\000y\000g\000n\000a\001\102\000u}{section.7.2}% 22
\BOOKMARK [2][-]{subsection.7.2.3}{\376\377\000Z\000a\000k\001\102\000a\000d\000k\000o\000w\000a\000n\000i\000e\000\040\000b\000l\000o\000k\000\363\000w\000\040\000d\000a\000n\000y\000c\000h}{section.7.2}% 23
\BOOKMARK [2][-]{subsection.7.2.4}{\376\377\000P\000o\000l\000i\000f\000o\000n\000i\000a\000\040\000w\000\040\000s\000y\000n\000t\000e\000z\000i\000e\000\040\000s\000u\000b\000t\000r\000a\000k\000t\000y\000w\000n\000e\000j}{section.7.2}% 24
\BOOKMARK [0][-]{chapter.8}{\376\377\000P\000o\000d\000s\000u\000m\000o\000w\000a\000n\000i\000e}{}% 25
\BOOKMARK [0][-]{chapter*.12}{\376\377\000S\000p\000i\000s\000\040\000r\000y\000s\000u\000n\000k\000\363\000w}{}% 26
\BOOKMARK [0][-]{chapter*.13}{\376\377\000S\000p\000i\000s\000\040\000t\000a\000b\000e\000l}{}% 27
\BOOKMARK [0][-]{chapter*.14}{\376\377\000B\000i\000b\000l\000i\000o\000g\000r\000a\000f\000i\000a}{}% 28
