e:\worksppadk_uart_ccs6\padk_uart_vc\x64\debug\vc140.pdb
e:\worksppadk_uart_ccs6\padk_uart_vc\x64\debug\stdafx.obj
e:\worksppadk_uart_ccs6\padk_uart_vc\x64\debug\progmain.obj
e:\worksppadk_uart_ccs6\padk_uart_vc\x64\debug\myform.obj
e:\worksppadk_uart_ccs6\padk_uart_vc\x64\debug\.netframework,version=v4.5.2.assemblyattributes.obj
e:\worksppadk_uart_ccs6\padk_uart_vc\x64\debug\.netframework,version=v4.5.2.assemblyattributes.asm
e:\worksppadk_uart_ccs6\padk_uart_vc\x64\debug\padk_uart_vc.exe
e:\worksppadk_uart_ccs6\padk_uart_vc\x64\debug\padk_uart_vc.pdb
e:\worksppadk_uart_ccs6\padk_uart_vc\x64\debug\padk_uart_vc.myform.resources
e:\worksppadk_uart_ccs6\padk_uart_vc\x64\debug\padk_uart_vc.vcxproj.generateresource.cache
e:\worksppadk_uart_ccs6\padk_uart_vc\x64\debug\padk_uart_vc.vcxprojresolveassemblyreference.cache
e:\worksppadk_uart_ccs6\padk_uart_vc\x64\debug\padk_uart_vc.exe.metagen
e:\worksppadk_uart_ccs6\padk_uart_vc\x64\debug\padk_uart_vc.tlog\cl.command.1.tlog
e:\worksppadk_uart_ccs6\padk_uart_vc\x64\debug\padk_uart_vc.tlog\cl.read.1.tlog
e:\worksppadk_uart_ccs6\padk_uart_vc\x64\debug\padk_uart_vc.tlog\cl.write.1.tlog
e:\worksppadk_uart_ccs6\padk_uart_vc\x64\debug\padk_uart_vc.tlog\link.command.1.tlog
e:\worksppadk_uart_ccs6\padk_uart_vc\x64\debug\padk_uart_vc.tlog\link.read.1.tlog
e:\worksppadk_uart_ccs6\padk_uart_vc\x64\debug\padk_uart_vc.tlog\link.write.1.tlog
e:\worksppadk_uart_ccs6\padk_uart_vc\x64\debug\padk_uart_vc.tlog\metagen.read.1.tlog
e:\worksppadk_uart_ccs6\padk_uart_vc\x64\debug\padk_uart_vc.tlog\metagen.write.1.tlog
e:\worksppadk_uart_ccs6\padk_uart_vc\x64\debug\padk_uart_vc.tlog\padk_uart_vc.write.1u.tlog
e:\worksppadk_uart_ccs6\padk_uart_vc\x64\debug\padk_uart_vc.tlog\rsaenh.dll.bi
e:\worksppadk_uart_ccs6\padk_uart_vc\x64\debug\padk_uart_vc.tlog\tzres.dll.bi
